{"D:\\Projects\\Lab01\\app.js": {"path":"D:\\Projects\\Lab01\\app.js","statementMap":{"0":{"start":{"line":1,"column":16},"end":{"line":1,"column":34}},"1":{"start":{"line":2,"column":13},"end":{"line":2,"column":28}},"2":{"start":{"line":3,"column":13},"end":{"line":3,"column":28}},"3":{"start":{"line":5,"column":12},"end":{"line":5,"column":21}},"4":{"start":{"line":8,"column":0},"end":{"line":8,"column":16}},"5":{"start":{"line":9,"column":0},"end":{"line":9,"column":24}},"6":{"start":{"line":10,"column":0},"end":{"line":10,"column":34}},"7":{"start":{"line":13,"column":0},"end":{"line":15,"column":3}},"8":{"start":{"line":14,"column":4},"end":{"line":14,"column":63}},"9":{"start":{"line":17,"column":0},"end":{"line":19,"column":3}},"10":{"start":{"line":18,"column":4},"end":{"line":18,"column":67}},"11":{"start":{"line":22,"column":0},"end":{"line":24,"column":3}},"12":{"start":{"line":23,"column":4},"end":{"line":23,"column":68}},"13":{"start":{"line":26,"column":0},"end":{"line":32,"column":3}},"14":{"start":{"line":27,"column":4},"end":{"line":31,"column":7}},"15":{"start":{"line":34,"column":0},"end":{"line":48,"column":3}},"16":{"start":{"line":35,"column":37},"end":{"line":35,"column":45}},"17":{"start":{"line":37,"column":4},"end":{"line":41,"column":5}},"18":{"start":{"line":38,"column":8},"end":{"line":40,"column":11}},"19":{"start":{"line":43,"column":4},"end":{"line":47,"column":7}},"20":{"start":{"line":51,"column":0},"end":{"line":53,"column":3}},"21":{"start":{"line":52,"column":4},"end":{"line":52,"column":49}},"22":{"start":{"line":56,"column":0},"end":{"line":59,"column":3}},"23":{"start":{"line":57,"column":4},"end":{"line":57,"column":29}},"24":{"start":{"line":58,"column":4},"end":{"line":58,"column":61}},"25":{"start":{"line":61,"column":0},"end":{"line":61,"column":21}}},"fnMap":{"0":{"name":"(anonymous_0)","decl":{"start":{"line":13,"column":13},"end":{"line":13,"column":14}},"loc":{"start":{"line":13,"column":27},"end":{"line":15,"column":1}},"line":13},"1":{"name":"(anonymous_1)","decl":{"start":{"line":17,"column":27},"end":{"line":17,"column":28}},"loc":{"start":{"line":17,"column":41},"end":{"line":19,"column":1}},"line":17},"2":{"name":"(anonymous_2)","decl":{"start":{"line":22,"column":23},"end":{"line":22,"column":24}},"loc":{"start":{"line":22,"column":37},"end":{"line":24,"column":1}},"line":22},"3":{"name":"(anonymous_3)","decl":{"start":{"line":26,"column":39},"end":{"line":26,"column":40}},"loc":{"start":{"line":26,"column":53},"end":{"line":32,"column":1}},"line":26},"4":{"name":"(anonymous_4)","decl":{"start":{"line":34,"column":46},"end":{"line":34,"column":47}},"loc":{"start":{"line":34,"column":60},"end":{"line":48,"column":1}},"line":34},"5":{"name":"(anonymous_5)","decl":{"start":{"line":51,"column":8},"end":{"line":51,"column":9}},"loc":{"start":{"line":51,"column":22},"end":{"line":53,"column":1}},"line":51},"6":{"name":"(anonymous_6)","decl":{"start":{"line":56,"column":8},"end":{"line":56,"column":9}},"loc":{"start":{"line":56,"column":33},"end":{"line":59,"column":1}},"line":56}},"branchMap":{"0":{"loc":{"start":{"line":37,"column":4},"end":{"line":41,"column":5}},"type":"if","locations":[{"start":{"line":37,"column":4},"end":{"line":41,"column":5}},{"start":{},"end":{}}],"line":37},"1":{"loc":{"start":{"line":37,"column":8},"end":{"line":37,"column":32}},"type":"binary-expr","locations":[{"start":{"line":37,"column":8},"end":{"line":37,"column":21}},{"start":{"line":37,"column":25},"end":{"line":37,"column":32}}],"line":37}},"s":{"0":2,"1":2,"2":2,"3":2,"4":2,"5":2,"6":2,"7":2,"8":0,"9":2,"10":0,"11":2,"12":1,"13":2,"14":1,"15":2,"16":2,"17":2,"18":1,"19":1,"20":2,"21":2,"22":2,"23":0,"24":0,"25":2},"f":{"0":0,"1":0,"2":1,"3":1,"4":2,"5":2,"6":0},"b":{"0":[1,1],"1":[2,1]},"_coverageSchema":"1a1c01bbd47fc00a2c39e90264f33305004495a9","hash":"38b6e1e8f1ff3f2d5a9782b9d05e7a5c61dff914"}
,"D:\\Projects\\Lab01\\public\\js\\push-notifications.js": {"path":"D:\\Projects\\Lab01\\public\\js\\push-notifications.js","statementMap":{"0":{"start":{"line":5,"column":8},"end":{"line":5,"column":119}},"1":{"start":{"line":6,"column":8},"end":{"line":6,"column":69}},"2":{"start":{"line":7,"column":8},"end":{"line":7,"column":83}},"3":{"start":{"line":8,"column":8},"end":{"line":8,"column":50}},"4":{"start":{"line":13,"column":8},"end":{"line":16,"column":9}},"5":{"start":{"line":14,"column":12},"end":{"line":14,"column":72}},"6":{"start":{"line":15,"column":12},"end":{"line":15,"column":25}},"7":{"start":{"line":19,"column":8},"end":{"line":34,"column":9}},"8":{"start":{"line":20,"column":33},"end":{"line":20,"column":81}},"9":{"start":{"line":21,"column":12},"end":{"line":21,"column":58}},"10":{"start":{"line":24,"column":12},"end":{"line":28,"column":13}},"11":{"start":{"line":25,"column":16},"end":{"line":25,"column":44}},"12":{"start":{"line":26,"column":19},"end":{"line":28,"column":13}},"13":{"start":{"line":27,"column":16},"end":{"line":27,"column":43}},"14":{"start":{"line":30,"column":12},"end":{"line":30,"column":24}},"15":{"start":{"line":32,"column":12},"end":{"line":32,"column":71}},"16":{"start":{"line":33,"column":12},"end":{"line":33,"column":25}},"17":{"start":{"line":39,"column":26},"end":{"line":39,"column":55}},"18":{"start":{"line":40,"column":8},"end":{"line":40,"column":55}},"19":{"start":{"line":41,"column":8},"end":{"line":50,"column":10}},"20":{"start":{"line":52,"column":8},"end":{"line":52,"column":45}},"21":{"start":{"line":55,"column":22},"end":{"line":55,"column":53}},"22":{"start":{"line":56,"column":8},"end":{"line":100,"column":10}},"23":{"start":{"line":101,"column":8},"end":{"line":101,"column":41}},"24":{"start":{"line":106,"column":8},"end":{"line":106,"column":29}},"25":{"start":{"line":108,"column":27},"end":{"line":108,"column":65}},"26":{"start":{"line":109,"column":8},"end":{"line":109,"column":37}},"27":{"start":{"line":111,"column":8},"end":{"line":117,"column":9}},"28":{"start":{"line":112,"column":12},"end":{"line":112,"column":39}},"29":{"start":{"line":113,"column":12},"end":{"line":116,"column":15}},"30":{"start":{"line":122,"column":23},"end":{"line":122,"column":72}},"31":{"start":{"line":123,"column":8},"end":{"line":126,"column":9}},"32":{"start":{"line":124,"column":12},"end":{"line":124,"column":61}},"33":{"start":{"line":125,"column":12},"end":{"line":125,"column":51}},"34":{"start":{"line":125,"column":29},"end":{"line":125,"column":44}},"35":{"start":{"line":131,"column":8},"end":{"line":155,"column":9}},"36":{"start":{"line":132,"column":33},"end":{"line":132,"column":68}},"37":{"start":{"line":135,"column":31},"end":{"line":135,"column":79}},"38":{"start":{"line":137,"column":12},"end":{"line":144,"column":13}},"39":{"start":{"line":139,"column":37},"end":{"line":139,"column":84}},"40":{"start":{"line":140,"column":16},"end":{"line":143,"column":19}},"41":{"start":{"line":147,"column":12},"end":{"line":147,"column":64}},"42":{"start":{"line":149,"column":12},"end":{"line":149,"column":69}},"43":{"start":{"line":150,"column":12},"end":{"line":150,"column":32}},"44":{"start":{"line":153,"column":12},"end":{"line":153,"column":53}},"45":{"start":{"line":154,"column":12},"end":{"line":154,"column":24}},"46":{"start":{"line":160,"column":8},"end":{"line":171,"column":9}},"47":{"start":{"line":161,"column":33},"end":{"line":161,"column":68}},"48":{"start":{"line":162,"column":33},"end":{"line":162,"column":81}},"49":{"start":{"line":164,"column":12},"end":{"line":168,"column":13}},"50":{"start":{"line":165,"column":16},"end":{"line":165,"column":49}},"51":{"start":{"line":166,"column":16},"end":{"line":166,"column":58}},"52":{"start":{"line":167,"column":16},"end":{"line":167,"column":72}},"53":{"start":{"line":170,"column":12},"end":{"line":170,"column":52}},"54":{"start":{"line":176,"column":8},"end":{"line":194,"column":9}},"55":{"start":{"line":177,"column":29},"end":{"line":186,"column":14}},"56":{"start":{"line":188,"column":12},"end":{"line":190,"column":13}},"57":{"start":{"line":189,"column":16},"end":{"line":189,"column":73}},"58":{"start":{"line":193,"column":12},"end":{"line":193,"column":64}},"59":{"start":{"line":199,"column":8},"end":{"line":211,"column":9}},"60":{"start":{"line":200,"column":12},"end":{"line":208,"column":15}},"61":{"start":{"line":210,"column":12},"end":{"line":210,"column":62}},"62":{"start":{"line":216,"column":8},"end":{"line":222,"column":9}},"63":{"start":{"line":217,"column":12},"end":{"line":221,"column":15}},"64":{"start":{"line":227,"column":8},"end":{"line":227,"column":44}},"65":{"start":{"line":227,"column":31},"end":{"line":227,"column":44}},"66":{"start":{"line":229,"column":8},"end":{"line":236,"column":9}},"67":{"start":{"line":230,"column":33},"end":{"line":230,"column":68}},"68":{"start":{"line":231,"column":33},"end":{"line":231,"column":81}},"69":{"start":{"line":232,"column":12},"end":{"line":232,"column":41}},"70":{"start":{"line":234,"column":12},"end":{"line":234,"column":62}},"71":{"start":{"line":235,"column":12},"end":{"line":235,"column":25}},"72":{"start":{"line":241,"column":8},"end":{"line":256,"column":9}},"73":{"start":{"line":242,"column":29},"end":{"line":246,"column":14}},"74":{"start":{"line":248,"column":12},"end":{"line":250,"column":13}},"75":{"start":{"line":249,"column":16},"end":{"line":249,"column":45}},"76":{"start":{"line":252,"column":12},"end":{"line":252,"column":24}},"77":{"start":{"line":254,"column":12},"end":{"line":254,"column":63}},"78":{"start":{"line":255,"column":12},"end":{"line":255,"column":24}},"79":{"start":{"line":261,"column":8},"end":{"line":275,"column":9}},"80":{"start":{"line":262,"column":29},"end":{"line":269,"column":14}},"81":{"start":{"line":271,"column":12},"end":{"line":271,"column":31}},"82":{"start":{"line":273,"column":12},"end":{"line":273,"column":64}},"83":{"start":{"line":274,"column":12},"end":{"line":274,"column":25}},"84":{"start":{"line":280,"column":8},"end":{"line":280,"column":63}},"85":{"start":{"line":284,"column":24},"end":{"line":284,"column":69}},"86":{"start":{"line":285,"column":23},"end":{"line":287,"column":31}},"87":{"start":{"line":289,"column":24},"end":{"line":289,"column":43}},"88":{"start":{"line":290,"column":28},"end":{"line":290,"column":58}},"89":{"start":{"line":292,"column":8},"end":{"line":294,"column":9}},"90":{"start":{"line":292,"column":21},"end":{"line":292,"column":22}},"91":{"start":{"line":293,"column":12},"end":{"line":293,"column":51}},"92":{"start":{"line":296,"column":8},"end":{"line":296,"column":27}},"93":{"start":{"line":301,"column":29},"end":{"line":353,"column":9}},"94":{"start":{"line":355,"column":8},"end":{"line":355,"column":28}},"95":{"start":{"line":360,"column":25},"end":{"line":368,"column":9}},"96":{"start":{"line":371,"column":8},"end":{"line":375,"column":9}},"97":{"start":{"line":372,"column":12},"end":{"line":372,"column":43}},"98":{"start":{"line":373,"column":15},"end":{"line":375,"column":9}},"99":{"start":{"line":374,"column":12},"end":{"line":374,"column":41}},"100":{"start":{"line":378,"column":22},"end":{"line":378,"column":69}},"101":{"start":{"line":380,"column":8},"end":{"line":384,"column":9}},"102":{"start":{"line":381,"column":12},"end":{"line":383,"column":15}},"103":{"start":{"line":389,"column":20},"end":{"line":389,"column":49}},"104":{"start":{"line":392,"column":0},"end":{"line":394,"column":3}},"105":{"start":{"line":393,"column":4},"end":{"line":393,"column":23}}},"fnMap":{"0":{"name":"(anonymous_0)","decl":{"start":{"line":4,"column":4},"end":{"line":4,"column":5}},"loc":{"start":{"line":4,"column":18},"end":{"line":9,"column":5}},"line":4},"1":{"name":"(anonymous_1)","decl":{"start":{"line":12,"column":4},"end":{"line":12,"column":5}},"loc":{"start":{"line":12,"column":17},"end":{"line":35,"column":5}},"line":12},"2":{"name":"(anonymous_2)","decl":{"start":{"line":38,"column":4},"end":{"line":38,"column":5}},"loc":{"start":{"line":38,"column":27},"end":{"line":102,"column":5}},"line":38},"3":{"name":"(anonymous_3)","decl":{"start":{"line":105,"column":4},"end":{"line":105,"column":5}},"loc":{"start":{"line":105,"column":30},"end":{"line":118,"column":5}},"line":105},"4":{"name":"(anonymous_4)","decl":{"start":{"line":121,"column":4},"end":{"line":121,"column":5}},"loc":{"start":{"line":121,"column":20},"end":{"line":127,"column":5}},"line":121},"5":{"name":"(anonymous_5)","decl":{"start":{"line":125,"column":23},"end":{"line":125,"column":24}},"loc":{"start":{"line":125,"column":29},"end":{"line":125,"column":44}},"line":125},"6":{"name":"(anonymous_6)","decl":{"start":{"line":130,"column":4},"end":{"line":130,"column":5}},"loc":{"start":{"line":130,"column":26},"end":{"line":156,"column":5}},"line":130},"7":{"name":"(anonymous_7)","decl":{"start":{"line":159,"column":4},"end":{"line":159,"column":5}},"loc":{"start":{"line":159,"column":28},"end":{"line":172,"column":5}},"line":159},"8":{"name":"(anonymous_8)","decl":{"start":{"line":175,"column":4},"end":{"line":175,"column":5}},"loc":{"start":{"line":175,"column":51},"end":{"line":195,"column":5}},"line":175},"9":{"name":"(anonymous_9)","decl":{"start":{"line":198,"column":4},"end":{"line":198,"column":5}},"loc":{"start":{"line":198,"column":41},"end":{"line":212,"column":5}},"line":198},"10":{"name":"(anonymous_10)","decl":{"start":{"line":215,"column":4},"end":{"line":215,"column":5}},"loc":{"start":{"line":215,"column":42},"end":{"line":223,"column":5}},"line":215},"11":{"name":"(anonymous_11)","decl":{"start":{"line":226,"column":4},"end":{"line":226,"column":5}},"loc":{"start":{"line":226,"column":30},"end":{"line":237,"column":5}},"line":226},"12":{"name":"(anonymous_12)","decl":{"start":{"line":240,"column":4},"end":{"line":240,"column":5}},"loc":{"start":{"line":240,"column":36},"end":{"line":257,"column":5}},"line":240},"13":{"name":"(anonymous_13)","decl":{"start":{"line":260,"column":4},"end":{"line":260,"column":5}},"loc":{"start":{"line":260,"column":47},"end":{"line":276,"column":5}},"line":260},"14":{"name":"(anonymous_14)","decl":{"start":{"line":279,"column":4},"end":{"line":279,"column":5}},"loc":{"start":{"line":279,"column":16},"end":{"line":281,"column":5}},"line":279},"15":{"name":"(anonymous_15)","decl":{"start":{"line":283,"column":4},"end":{"line":283,"column":5}},"loc":{"start":{"line":283,"column":40},"end":{"line":297,"column":5}},"line":283},"16":{"name":"(anonymous_16)","decl":{"start":{"line":300,"column":4},"end":{"line":300,"column":5}},"loc":{"start":{"line":300,"column":23},"end":{"line":356,"column":5}},"line":300},"17":{"name":"(anonymous_17)","decl":{"start":{"line":359,"column":4},"end":{"line":359,"column":5}},"loc":{"start":{"line":359,"column":25},"end":{"line":385,"column":5}},"line":359},"18":{"name":"(anonymous_18)","decl":{"start":{"line":392,"column":46},"end":{"line":392,"column":47}},"loc":{"start":{"line":392,"column":52},"end":{"line":394,"column":1}},"line":392}},"branchMap":{"0":{"loc":{"start":{"line":6,"column":25},"end":{"line":6,"column":68}},"type":"binary-expr","locations":[{"start":{"line":6,"column":25},"end":{"line":6,"column":41}},{"start":{"line":6,"column":45},"end":{"line":6,"column":68}}],"line":6},"1":{"loc":{"start":{"line":7,"column":27},"end":{"line":7,"column":82}},"type":"binary-expr","locations":[{"start":{"line":7,"column":27},"end":{"line":7,"column":55}},{"start":{"line":7,"column":59},"end":{"line":7,"column":82}}],"line":7},"2":{"loc":{"start":{"line":13,"column":8},"end":{"line":16,"column":9}},"type":"if","locations":[{"start":{"line":13,"column":8},"end":{"line":16,"column":9}},{"start":{},"end":{}}],"line":13},"3":{"loc":{"start":{"line":24,"column":12},"end":{"line":28,"column":13}},"type":"if","locations":[{"start":{"line":24,"column":12},"end":{"line":28,"column":13}},{"start":{"line":26,"column":19},"end":{"line":28,"column":13}}],"line":24},"4":{"loc":{"start":{"line":26,"column":19},"end":{"line":28,"column":13}},"type":"if","locations":[{"start":{"line":26,"column":19},"end":{"line":28,"column":13}},{"start":{},"end":{}}],"line":26},"5":{"loc":{"start":{"line":111,"column":8},"end":{"line":117,"column":9}},"type":"if","locations":[{"start":{"line":111,"column":8},"end":{"line":117,"column":9}},{"start":{},"end":{}}],"line":111},"6":{"loc":{"start":{"line":123,"column":8},"end":{"line":126,"column":9}},"type":"if","locations":[{"start":{"line":123,"column":8},"end":{"line":126,"column":9}},{"start":{},"end":{}}],"line":123},"7":{"loc":{"start":{"line":137,"column":12},"end":{"line":144,"column":13}},"type":"if","locations":[{"start":{"line":137,"column":12},"end":{"line":144,"column":13}},{"start":{},"end":{}}],"line":137},"8":{"loc":{"start":{"line":164,"column":12},"end":{"line":168,"column":13}},"type":"if","locations":[{"start":{"line":164,"column":12},"end":{"line":168,"column":13}},{"start":{},"end":{}}],"line":164},"9":{"loc":{"start":{"line":188,"column":12},"end":{"line":190,"column":13}},"type":"if","locations":[{"start":{"line":188,"column":12},"end":{"line":190,"column":13}},{"start":{},"end":{}}],"line":188},"10":{"loc":{"start":{"line":215,"column":28},"end":{"line":215,"column":40}},"type":"default-arg","locations":[{"start":{"line":215,"column":38},"end":{"line":215,"column":40}}],"line":215},"11":{"loc":{"start":{"line":216,"column":8},"end":{"line":222,"column":9}},"type":"if","locations":[{"start":{"line":216,"column":8},"end":{"line":222,"column":9}},{"start":{},"end":{}}],"line":216},"12":{"loc":{"start":{"line":227,"column":8},"end":{"line":227,"column":44}},"type":"if","locations":[{"start":{"line":227,"column":8},"end":{"line":227,"column":44}},{"start":{},"end":{}}],"line":227},"13":{"loc":{"start":{"line":248,"column":12},"end":{"line":250,"column":13}},"type":"if","locations":[{"start":{"line":248,"column":12},"end":{"line":250,"column":13}},{"start":{},"end":{}}],"line":248},"14":{"loc":{"start":{"line":280,"column":15},"end":{"line":280,"column":62}},"type":"binary-expr","locations":[{"start":{"line":280,"column":15},"end":{"line":280,"column":47}},{"start":{"line":280,"column":51},"end":{"line":280,"column":62}}],"line":280},"15":{"loc":{"start":{"line":307,"column":66},"end":{"line":307,"column":112}},"type":"cond-expr","locations":[{"start":{"line":307,"column":98},"end":{"line":307,"column":107}},{"start":{"line":307,"column":110},"end":{"line":307,"column":112}}],"line":307},"16":{"loc":{"start":{"line":371,"column":8},"end":{"line":375,"column":9}},"type":"if","locations":[{"start":{"line":371,"column":8},"end":{"line":375,"column":9}},{"start":{"line":373,"column":15},"end":{"line":375,"column":9}}],"line":371},"17":{"loc":{"start":{"line":371,"column":12},"end":{"line":371,"column":66}},"type":"binary-expr","locations":[{"start":{"line":371,"column":12},"end":{"line":371,"column":33}},{"start":{"line":371,"column":37},"end":{"line":371,"column":66}}],"line":371},"18":{"loc":{"start":{"line":373,"column":15},"end":{"line":375,"column":9}},"type":"if","locations":[{"start":{"line":373,"column":15},"end":{"line":375,"column":9}},{"start":{},"end":{}}],"line":373},"19":{"loc":{"start":{"line":373,"column":19},"end":{"line":373,"column":74}},"type":"binary-expr","locations":[{"start":{"line":373,"column":19},"end":{"line":373,"column":41}},{"start":{"line":373,"column":45},"end":{"line":373,"column":74}}],"line":373},"20":{"loc":{"start":{"line":380,"column":8},"end":{"line":384,"column":9}},"type":"if","locations":[{"start":{"line":380,"column":8},"end":{"line":384,"column":9}},{"start":{},"end":{}}],"line":380}},"s":{"0":0,"1":0,"2":0,"3":0,"4":0,"5":0,"6":0,"7":0,"8":0,"9":0,"10":0,"11":0,"12":0,"13":0,"14":0,"15":0,"16":0,"17":0,"18":0,"19":0,"20":0,"21":0,"22":0,"23":0,"24":0,"25":0,"26":0,"27":0,"28":0,"29":0,"30":0,"31":0,"32":0,"33":0,"34":0,"35":0,"36":0,"37":0,"38":0,"39":0,"40":0,"41":0,"42":0,"43":0,"44":0,"45":0,"46":0,"47":0,"48":0,"49":0,"50":0,"51":0,"52":0,"53":0,"54":0,"55":0,"56":0,"57":0,"58":0,"59":0,"60":0,"61":0,"62":0,"63":0,"64":0,"65":0,"66":0,"67":0,"68":0,"69":0,"70":0,"71":0,"72":0,"73":0,"74":0,"75":0,"76":0,"77":0,"78":0,"79":0,"80":0,"81":0,"82":0,"83":0,"84":0,"85":0,"86":0,"87":0,"88":0,"89":0,"90":0,"91":0,"92":0,"93":0,"94":0,"95":0,"96":0,"97":0,"98":0,"99":0,"100":0,"101":0,"102":0,"103":0,"104":0,"105":0},"f":{"0":0,"1":0,"2":0,"3":0,"4":0,"5":0,"6":0,"7":0,"8":0,"9":0,"10":0,"11":0,"12":0,"13":0,"14":0,"15":0,"16":0,"17":0,"18":0},"b":{"0":[0,0],"1":[0,0],"2":[0,0],"3":[0,0],"4":[0,0],"5":[0,0],"6":[0,0],"7":[0,0],"8":[0,0],"9":[0,0],"10":[0],"11":[0,0],"12":[0,0],"13":[0,0],"14":[0,0],"15":[0,0],"16":[0,0],"17":[0,0],"18":[0,0],"19":[0,0],"20":[0,0]}}
,"D:\\Projects\\Lab01\\public\\js\\sap-ui5\\Component.js": {"path":"D:\\Projects\\Lab01\\public\\js\\sap-ui5\\Component.js","statementMap":{"0":{"start":{"line":1,"column":1},"end":{"line":24,"column":3}},"1":{"start":{"line":7,"column":4},"end":{"line":23,"column":7}},"2":{"start":{"line":13,"column":12},"end":{"line":13,"column":62}},"3":{"start":{"line":14,"column":12},"end":{"line":14,"column":55}},"4":{"start":{"line":18,"column":12},"end":{"line":21,"column":15}}},"fnMap":{"0":{"name":"(anonymous_0)","decl":{"start":{"line":4,"column":3},"end":{"line":4,"column":4}},"loc":{"start":{"line":4,"column":37},"end":{"line":24,"column":1}},"line":4},"1":{"name":"(anonymous_1)","decl":{"start":{"line":12,"column":14},"end":{"line":12,"column":15}},"loc":{"start":{"line":12,"column":26},"end":{"line":15,"column":9}},"line":12},"2":{"name":"(anonymous_2)","decl":{"start":{"line":17,"column":23},"end":{"line":17,"column":24}},"loc":{"start":{"line":17,"column":35},"end":{"line":22,"column":9}},"line":17}},"branchMap":{},"s":{"0":0,"1":0,"2":0,"3":0,"4":0},"f":{"0":0,"1":0,"2":0},"b":{}}
,"D:\\Projects\\Lab01\\public\\js\\sap-ui5\\config.js": {"path":"D:\\Projects\\Lab01\\public\\js\\sap-ui5\\config.js","statementMap":{"0":{"start":{"line":1,"column":1},"end":{"line":8,"column":2}}},"fnMap":{},"branchMap":{},"s":{"0":0},"f":{},"b":{}}
,"D:\\Projects\\Lab01\\public\\js\\sap-ui5\\index.js": {"path":"D:\\Projects\\Lab01\\public\\js\\sap-ui5\\index.js","statementMap":{"0":{"start":{"line":1,"column":0},"end":{"line":13,"column":3}},"1":{"start":{"line":6,"column":4},"end":{"line":12,"column":26}}},"fnMap":{"0":{"name":"(anonymous_0)","decl":{"start":{"line":3,"column":3},"end":{"line":3,"column":4}},"loc":{"start":{"line":3,"column":33},"end":{"line":13,"column":1}},"line":3}},"branchMap":{},"s":{"0":0,"1":0},"f":{"0":0},"b":{}}
,"D:\\Projects\\Lab01\\public\\js\\sap-ui5\\controller\\App.controller.js": {"path":"D:\\Projects\\Lab01\\public\\js\\sap-ui5\\controller\\App.controller.js","statementMap":{"0":{"start":{"line":1,"column":0},"end":{"line":28,"column":3}},"1":{"start":{"line":7,"column":4},"end":{"line":27,"column":7}},"2":{"start":{"line":9,"column":12},"end":{"line":9,"column":54}},"3":{"start":{"line":13,"column":12},"end":{"line":13,"column":75}},"4":{"start":{"line":17,"column":12},"end":{"line":17,"column":76}},"5":{"start":{"line":21,"column":12},"end":{"line":21,"column":67}},"6":{"start":{"line":25,"column":12},"end":{"line":25,"column":39}}},"fnMap":{"0":{"name":"(anonymous_0)","decl":{"start":{"line":4,"column":3},"end":{"line":4,"column":4}},"loc":{"start":{"line":4,"column":39},"end":{"line":28,"column":1}},"line":4},"1":{"name":"(anonymous_1)","decl":{"start":{"line":8,"column":16},"end":{"line":8,"column":17}},"loc":{"start":{"line":8,"column":28},"end":{"line":10,"column":9}},"line":8},"2":{"name":"(anonymous_2)","decl":{"start":{"line":12,"column":25},"end":{"line":12,"column":26}},"loc":{"start":{"line":12,"column":37},"end":{"line":14,"column":9}},"line":12},"3":{"name":"(anonymous_3)","decl":{"start":{"line":16,"column":24},"end":{"line":16,"column":25}},"loc":{"start":{"line":16,"column":36},"end":{"line":18,"column":9}},"line":16},"4":{"name":"(anonymous_4)","decl":{"start":{"line":20,"column":19},"end":{"line":20,"column":20}},"loc":{"start":{"line":20,"column":31},"end":{"line":22,"column":9}},"line":20},"5":{"name":"(anonymous_5)","decl":{"start":{"line":24,"column":26},"end":{"line":24,"column":27}},"loc":{"start":{"line":24,"column":38},"end":{"line":26,"column":9}},"line":24}},"branchMap":{},"s":{"0":0,"1":0,"2":0,"3":0,"4":0,"5":0,"6":0},"f":{"0":0,"1":0,"2":0,"3":0,"4":0,"5":0},"b":{}}
}
