TN:
SF:app.js
FN:13,(anonymous_0)
FN:17,(anonymous_1)
FN:22,(anonymous_2)
FN:26,(anonymous_3)
FN:34,(anonymous_4)
FN:51,(anonymous_5)
FN:56,(anonymous_6)
FNF:7
FNH:4
FNDA:0,(anonymous_0)
FNDA:0,(anonymous_1)
FNDA:1,(anonymous_2)
FNDA:1,(anonymous_3)
FNDA:2,(anonymous_4)
FNDA:2,(anonymous_5)
FNDA:0,(anonymous_6)
DA:1,2
DA:2,2
DA:3,2
DA:5,2
DA:8,2
DA:9,2
DA:10,2
DA:13,2
DA:14,0
DA:17,2
DA:18,0
DA:22,2
DA:23,1
DA:26,2
DA:27,1
DA:34,2
DA:35,2
DA:37,2
DA:38,1
DA:43,1
DA:51,2
DA:52,2
DA:56,2
DA:57,0
DA:58,0
DA:61,2
LF:26
LH:22
BRDA:37,0,0,1
BRDA:37,0,1,1
BRDA:37,1,0,2
BRDA:37,1,1,1
BRF:4
BRH:4
end_of_record
TN:
SF:public\js\push-notifications.js
FN:4,(anonymous_0)
FN:12,(anonymous_1)
FN:38,(anonymous_2)
FN:105,(anonymous_3)
FN:121,(anonymous_4)
FN:125,(anonymous_5)
FN:130,(anonymous_6)
FN:159,(anonymous_7)
FN:175,(anonymous_8)
FN:198,(anonymous_9)
FN:215,(anonymous_10)
FN:226,(anonymous_11)
FN:240,(anonymous_12)
FN:260,(anonymous_13)
FN:279,(anonymous_14)
FN:283,(anonymous_15)
FN:300,(anonymous_16)
FN:359,(anonymous_17)
FN:392,(anonymous_18)
FNF:19
FNH:0
FNDA:0,(anonymous_0)
FNDA:0,(anonymous_1)
FNDA:0,(anonymous_2)
FNDA:0,(anonymous_3)
FNDA:0,(anonymous_4)
FNDA:0,(anonymous_5)
FNDA:0,(anonymous_6)
FNDA:0,(anonymous_7)
FNDA:0,(anonymous_8)
FNDA:0,(anonymous_9)
FNDA:0,(anonymous_10)
FNDA:0,(anonymous_11)
FNDA:0,(anonymous_12)
FNDA:0,(anonymous_13)
FNDA:0,(anonymous_14)
FNDA:0,(anonymous_15)
FNDA:0,(anonymous_16)
FNDA:0,(anonymous_17)
FNDA:0,(anonymous_18)
DA:5,0
DA:6,0
DA:7,0
DA:8,0
DA:13,0
DA:14,0
DA:15,0
DA:19,0
DA:20,0
DA:21,0
DA:24,0
DA:25,0
DA:26,0
DA:27,0
DA:30,0
DA:32,0
DA:33,0
DA:39,0
DA:40,0
DA:41,0
DA:52,0
DA:55,0
DA:56,0
DA:101,0
DA:106,0
DA:108,0
DA:109,0
DA:111,0
DA:112,0
DA:113,0
DA:122,0
DA:123,0
DA:124,0
DA:125,0
DA:131,0
DA:132,0
DA:135,0
DA:137,0
DA:139,0
DA:140,0
DA:147,0
DA:149,0
DA:150,0
DA:153,0
DA:154,0
DA:160,0
DA:161,0
DA:162,0
DA:164,0
DA:165,0
DA:166,0
DA:167,0
DA:170,0
DA:176,0
DA:177,0
DA:188,0
DA:189,0
DA:193,0
DA:199,0
DA:200,0
DA:210,0
DA:216,0
DA:217,0
DA:227,0
DA:229,0
DA:230,0
DA:231,0
DA:232,0
DA:234,0
DA:235,0
DA:241,0
DA:242,0
DA:248,0
DA:249,0
DA:252,0
DA:254,0
DA:255,0
DA:261,0
DA:262,0
DA:271,0
DA:273,0
DA:274,0
DA:280,0
DA:284,0
DA:285,0
DA:289,0
DA:290,0
DA:292,0
DA:293,0
DA:296,0
DA:301,0
DA:355,0
DA:360,0
DA:371,0
DA:372,0
DA:373,0
DA:374,0
DA:378,0
DA:380,0
DA:381,0
DA:389,0
DA:392,0
DA:393,0
LF:103
LH:0
BRDA:6,0,0,0
BRDA:6,0,1,0
BRDA:7,1,0,0
BRDA:7,1,1,0
BRDA:13,2,0,0
BRDA:13,2,1,0
BRDA:24,3,0,0
BRDA:24,3,1,0
BRDA:26,4,0,0
BRDA:26,4,1,0
BRDA:111,5,0,0
BRDA:111,5,1,0
BRDA:123,6,0,0
BRDA:123,6,1,0
BRDA:137,7,0,0
BRDA:137,7,1,0
BRDA:164,8,0,0
BRDA:164,8,1,0
BRDA:188,9,0,0
BRDA:188,9,1,0
BRDA:215,10,0,0
BRDA:216,11,0,0
BRDA:216,11,1,0
BRDA:227,12,0,0
BRDA:227,12,1,0
BRDA:248,13,0,0
BRDA:248,13,1,0
BRDA:280,14,0,0
BRDA:280,14,1,0
BRDA:307,15,0,0
BRDA:307,15,1,0
BRDA:371,16,0,0
BRDA:371,16,1,0
BRDA:371,17,0,0
BRDA:371,17,1,0
BRDA:373,18,0,0
BRDA:373,18,1,0
BRDA:373,19,0,0
BRDA:373,19,1,0
BRDA:380,20,0,0
BRDA:380,20,1,0
BRF:41
BRH:0
end_of_record
TN:
SF:public\js\sap-ui5\Component.js
FN:4,(anonymous_0)
FN:12,(anonymous_1)
FN:17,(anonymous_2)
FNF:3
FNH:0
FNDA:0,(anonymous_0)
FNDA:0,(anonymous_1)
FNDA:0,(anonymous_2)
DA:1,0
DA:7,0
DA:13,0
DA:14,0
DA:18,0
LF:5
LH:0
BRF:0
BRH:0
end_of_record
TN:
SF:public\js\sap-ui5\config.js
FNF:0
FNH:0
DA:1,0
LF:1
LH:0
BRF:0
BRH:0
end_of_record
TN:
SF:public\js\sap-ui5\index.js
FN:3,(anonymous_0)
FNF:1
FNH:0
FNDA:0,(anonymous_0)
DA:1,0
DA:6,0
LF:2
LH:0
BRF:0
BRH:0
end_of_record
TN:
SF:public\js\sap-ui5\controller\App.controller.js
FN:4,(anonymous_0)
FN:8,(anonymous_1)
FN:12,(anonymous_2)
FN:16,(anonymous_3)
FN:20,(anonymous_4)
FN:24,(anonymous_5)
FNF:6
FNH:0
FNDA:0,(anonymous_0)
FNDA:0,(anonymous_1)
FNDA:0,(anonymous_2)
FNDA:0,(anonymous_3)
FNDA:0,(anonymous_4)
FNDA:0,(anonymous_5)
DA:1,0
DA:7,0
DA:9,0
DA:13,0
DA:17,0
DA:21,0
DA:25,0
LF:7
LH:0
BRF:0
BRH:0
end_of_record
